Base path: 'D:/Unity/Unity Edit/2019.4.29f1/Editor/Data', plugins path 'D:/Unity/Unity Edit/2019.4.29f1/Editor/Data/PlaybackEngines'
Cmd: initializeCompiler
Cmd: compileComputeKernel
  api=4 insize=222 outsize=628 ok=1
Cmd: compileComputeKernel
  api=4 insize=759 outsize=1005 ok=1
Cmd: compileComputeKernel
  api=4 insize=3405 outsize=5359 ok=1
Cmd: compileComputeKernel
  api=4 insize=13751 outsize=1364 ok=1
Cmd: compileComputeKernel
  api=4 insize=82071 outsize=2187 ok=1
Cmd: compileComputeKernel
  api=4 insize=82071 outsize=1689 ok=1
Cmd: compileComputeKernel
  api=4 insize=82071 outsize=3412 ok=1
Cmd: compileComputeKernel
  api=4 insize=82071 outsize=3471 ok=1
Cmd: compileComputeKernel
  api=4 insize=82071 outsize=3485 ok=1
Cmd: compileComputeKernel
  api=4 insize=82071 outsize=3576 ok=1
Cmd: compileComputeKernel
  api=4 insize=82071 outsize=5068 ok=1
Cmd: compileComputeKernel
  api=4 insize=82071 outsize=3370 ok=1
Cmd: compileComputeKernel
  api=4 insize=11929 outsize=2917 ok=1
Cmd: compileComputeKernel
  api=4 insize=76455 outsize=2756 ok=1
Cmd: compileComputeKernel
  api=4 insize=10641 outsize=1032 ok=1
Cmd: compileComputeKernel
  api=4 insize=10641 outsize=1310 ok=1
Cmd: compileComputeKernel
  api=4 insize=10641 outsize=709 ok=1
Cmd: compileComputeKernel
  api=4 insize=10641 outsize=1369 ok=1
Cmd: compileComputeKernel
  api=4 insize=10641 outsize=1288 ok=1
Cmd: compileComputeKernel
  api=4 insize=10641 outsize=1533 ok=1
Cmd: compileComputeKernel
  api=4 insize=10641 outsize=1224 ok=1
Cmd: shutdown
