Base path: 'D:/Unity/Unity Edit/2019.4.29f1/Editor/Data', plugins path 'D:/Unity/Unity Edit/2019.4.29f1/Editor/Data/PlaybackEngines'
Cmd: initializeCompiler
Cmd: compileComputeKernel
  api=4 insize=759 outsize=805 ok=1
Cmd: compileComputeKernel
  api=4 insize=3405 outsize=1572 ok=1
Cmd: compileComputeKernel
  api=4 insize=13751 outsize=1916 ok=1
Cmd: compileComputeKernel
  api=4 insize=82071 outsize=3818 ok=1
Cmd: compileComputeKernel
  api=4 insize=82071 outsize=3457 ok=1
Cmd: compileComputeKernel
  api=4 insize=82071 outsize=3399 ok=1
Cmd: compileComputeKernel
  api=4 insize=82071 outsize=3489 ok=1
Cmd: compileComputeKernel
  api=4 insize=82071 outsize=5039 ok=1
Cmd: compileComputeKernel
  api=4 insize=82071 outsize=5218 ok=1
Cmd: compileComputeKernel
  api=4 insize=82071 outsize=2210 ok=1
Cmd: compileComputeKernel
  api=4 insize=82071 outsize=3761 ok=1
Cmd: compileComputeKernel
  api=4 insize=11929 outsize=2274 ok=1
Cmd: compileComputeKernel
  api=4 insize=76455 outsize=5651 ok=1
Cmd: compileComputeKernel
  api=4 insize=10641 outsize=877 ok=1
Cmd: compileComputeKernel
  api=4 insize=10641 outsize=762 ok=1
Cmd: compileComputeKernel
  api=4 insize=10641 outsize=1710 ok=1
Cmd: compileComputeKernel
  api=4 insize=10641 outsize=1306 ok=1
Cmd: compileComputeKernel
  api=4 insize=10641 outsize=1311 ok=1
Cmd: compileComputeKernel
  api=4 insize=10641 outsize=1397 ok=1
Cmd: compileComputeKernel
  api=4 insize=10641 outsize=1264 ok=1
Cmd: shutdown
