Base path: 'D:/Unity/Unity Edit/2019.4.29f1/Editor/Data', plugins path 'D:/Unity/Unity Edit/2019.4.29f1/Editor/Data/PlaybackEngines'
Cmd: initializeCompiler
Cmd: compileComputeKernel
  api=4 insize=775 outsize=6812 ok=1
Cmd: compileComputeKernel
  api=4 insize=759 outsize=910 ok=1
Cmd: compileComputeKernel
  api=4 insize=3405 outsize=27630 ok=1
Cmd: compileComputeKernel
  api=4 insize=13751 outsize=1499 ok=1
Cmd: compileComputeKernel
  api=4 insize=20570 outsize=37617 ok=1
Cmd: compileComputeKernel
  api=4 insize=82071 outsize=10967 ok=1
Cmd: compileComputeKernel
  api=4 insize=82071 outsize=3716 ok=1
Cmd: compileComputeKernel
  api=4 insize=82071 outsize=1364 ok=1
Cmd: compileComputeKernel
  api=4 insize=82071 outsize=5039 ok=1
Cmd: compileComputeKernel
  api=4 insize=82071 outsize=5217 ok=1
Cmd: compileComputeKernel
  api=4 insize=82071 outsize=3482 ok=1
Cmd: compileComputeKernel
  api=4 insize=82071 outsize=3638 ok=1
Cmd: compileComputeKernel
  api=4 insize=11929 outsize=2299 ok=1
Cmd: compileComputeKernel
  api=4 insize=18478 outsize=7656 ok=1
Cmd: compileComputeKernel
  api=4 insize=776 outsize=6364 ok=1
Cmd: compileComputeKernel
  api=4 insize=10641 outsize=675 ok=1
Cmd: compileComputeKernel
  api=4 insize=10641 outsize=677 ok=1
Cmd: compileComputeKernel
  api=4 insize=10641 outsize=782 ok=1
Cmd: compileComputeKernel
  api=4 insize=10641 outsize=1547 ok=1
Cmd: compileComputeKernel
  api=4 insize=10641 outsize=1311 ok=1
Cmd: compileComputeKernel
  api=4 insize=10641 outsize=1364 ok=1
Cmd: compileComputeKernel
  api=4 insize=10641 outsize=1828 ok=1
Cmd: compileComputeKernel
  api=4 insize=10641 outsize=1256 ok=1
Cmd: shutdown
