Base path: 'D:/Unity/Unity Edit/2019.4.29f1/Editor/Data', plugins path 'D:/Unity/Unity Edit/2019.4.29f1/Editor/Data/PlaybackEngines'
Cmd: initializeCompiler
Cmd: compileComputeKernel
  api=4 insize=759 outsize=777 ok=1
Cmd: compileComputeKernel
  api=4 insize=13751 outsize=2218 ok=1
Cmd: compileComputeKernel
  api=4 insize=82071 outsize=1686 ok=1
Cmd: compileComputeKernel
  api=4 insize=82071 outsize=2634 ok=1
Cmd: compileComputeKernel
  api=4 insize=82071 outsize=3375 ok=1
Cmd: compileComputeKernel
  api=4 insize=82071 outsize=3399 ok=1
Cmd: compileComputeKernel
  api=4 insize=82071 outsize=3472 ok=1
Cmd: compileComputeKernel
  api=4 insize=82071 outsize=5039 ok=1
Cmd: compileComputeKernel
  api=4 insize=82071 outsize=5218 ok=1
Cmd: compileComputeKernel
  api=4 insize=82071 outsize=1680 ok=1
Cmd: compileComputeKernel
  api=4 insize=4458 outsize=2417 ok=1
Cmd: compileComputeKernel
  api=4 insize=10641 outsize=622 ok=1
Cmd: compileComputeKernel
  api=4 insize=10641 outsize=701 ok=1
Cmd: compileComputeKernel
  api=4 insize=10641 outsize=787 ok=1
Cmd: compileComputeKernel
  api=4 insize=10641 outsize=1298 ok=1
Cmd: compileComputeKernel
  api=4 insize=10641 outsize=1392 ok=1
Cmd: compileComputeKernel
  api=4 insize=10641 outsize=1369 ok=1
Cmd: compileComputeKernel
  api=4 insize=10641 outsize=1334 ok=1
Cmd: compileComputeKernel
  api=4 insize=10641 outsize=1361 ok=1
Cmd: shutdown
