Base path: 'D:/Unity/Unity Edit/2019.4.29f1/Editor/Data', plugins path 'D:/Unity/Unity Edit/2019.4.29f1/Editor/Data/PlaybackEngines'
Cmd: initializeCompiler
Cmd: compileComputeKernel
  api=4 insize=775 outsize=11445 ok=1
Cmd: compileComputeKernel
  api=4 insize=759 outsize=1094 ok=1
Cmd: compileComputeKernel
  api=4 insize=3405 outsize=3725 ok=1
Cmd: compileComputeKernel
  api=4 insize=13751 outsize=1046 ok=1
Cmd: compileComputeKernel
  api=4 insize=20570 outsize=13948 ok=1
Cmd: compileComputeKernel
  api=4 insize=82071 outsize=3099 ok=1
Cmd: compileComputeKernel
  api=4 insize=82071 outsize=1495 ok=1
Cmd: compileComputeKernel
  api=4 insize=82071 outsize=3398 ok=1
Cmd: compileComputeKernel
  api=4 insize=82071 outsize=3447 ok=1
Cmd: compileComputeKernel
  api=4 insize=82071 outsize=3375 ok=1
Cmd: compileComputeKernel
  api=4 insize=82071 outsize=5043 ok=1
Cmd: compileComputeKernel
  api=4 insize=82071 outsize=5217 ok=1
Cmd: compileComputeKernel
  api=4 insize=82071 outsize=2210 ok=1
Cmd: compileComputeKernel
  api=4 insize=82071 outsize=3114 ok=1
Cmd: compileComputeKernel
  api=4 insize=11929 outsize=2375 ok=1
Cmd: compileComputeKernel
  api=4 insize=776 outsize=10704 ok=1
Cmd: compileComputeKernel
  api=4 insize=10641 outsize=772 ok=1
Cmd: compileComputeKernel
  api=4 insize=10641 outsize=857 ok=1
Cmd: compileComputeKernel
  api=4 insize=10641 outsize=629 ok=1
Cmd: compileComputeKernel
  api=4 insize=10641 outsize=1796 ok=1
Cmd: compileComputeKernel
  api=4 insize=10641 outsize=1402 ok=1
Cmd: compileComputeKernel
  api=4 insize=10641 outsize=1387 ok=1
Cmd: compileComputeKernel
  api=4 insize=10641 outsize=1765 ok=1
Cmd: compileComputeKernel
  api=4 insize=10641 outsize=1319 ok=1
Cmd: shutdown
