Base path: 'D:/Unity/Unity Edit/2019.4.29f1/Editor/Data', plugins path 'D:/Unity/Unity Edit/2019.4.29f1/Editor/Data/PlaybackEngines'
Cmd: initializeCompiler
Cmd: initializeCompiler
Cmd: compileComputeKernel
  api=4 insize=759 outsize=844 ok=1
Cmd: compileComputeKernel
  api=4 insize=3405 outsize=25006 ok=1
Cmd: compileComputeKernel
  api=4 insize=13751 outsize=1027 ok=1
Cmd: compileComputeKernel
  api=4 insize=82071 outsize=1686 ok=1
Cmd: compileComputeKernel
  api=4 insize=82071 outsize=1489 ok=1
Cmd: compileComputeKernel
  api=4 insize=82071 outsize=1335 ok=1
Cmd: compileComputeKernel
  api=4 insize=82071 outsize=3372 ok=1
Cmd: compileComputeKernel
  api=4 insize=82071 outsize=3399 ok=1
Cmd: compileComputeKernel
  api=4 insize=82071 outsize=3375 ok=1
Cmd: compileComputeKernel
  api=4 insize=82071 outsize=5194 ok=1
Cmd: compileComputeKernel
  api=4 insize=82071 outsize=3574 ok=1
Cmd: compileComputeKernel
  api=4 insize=11929 outsize=2885 ok=1
Cmd: compileComputeKernel
  api=4 insize=76455 outsize=5741 ok=1
Cmd: compileComputeKernel
  api=4 insize=10641 outsize=623 ok=1
Cmd: compileComputeKernel
  api=4 insize=10641 outsize=796 ok=1
Cmd: compileComputeKernel
  api=4 insize=10641 outsize=786 ok=1
Cmd: compileComputeKernel
  api=4 insize=10641 outsize=1520 ok=1
Cmd: compileComputeKernel
  api=4 insize=10641 outsize=1336 ok=1
Cmd: compileComputeKernel
  api=4 insize=10641 outsize=1830 ok=1
Cmd: compileComputeKernel
  api=4 insize=10641 outsize=1338 ok=1
Cmd: shutdown
